TN:
SF:src\index.js
FN:3,(anonymous_0)
FN:18,(anonymous_1)
FN:27,(anonymous_2)
FN:35,(anonymous_3)
FN:43,(anonymous_4)
FN:51,(anonymous_5)
FN:59,(anonymous_6)
FN:67,(anonymous_7)
FN:75,(anonymous_8)
FNF:9
FNH:5
FNDA:6,(anonymous_0)
FNDA:2,(anonymous_1)
FNDA:1,(anonymous_2)
FNDA:3,(anonymous_3)
FNDA:0,(anonymous_4)
FNDA:0,(anonymous_5)
FNDA:1,(anonymous_6)
FNDA:0,(anonymous_7)
FNDA:0,(anonymous_8)
DA:4,6
DA:5,1
DA:7,5
DA:10,5
DA:11,1
DA:13,4
DA:14,4
DA:15,4
DA:16,4
DA:19,2
DA:20,1
DA:22,1
DA:23,1
DA:24,1
DA:25,1
DA:28,1
DA:29,1
DA:36,3
DA:37,3
DA:38,3
DA:44,0
DA:45,0
DA:46,0
DA:52,0
DA:53,0
DA:54,0
DA:60,1
DA:61,1
DA:62,1
DA:68,0
DA:69,0
DA:70,0
DA:76,0
DA:77,0
DA:78,0
LF:35
LH:23
BRDA:4,0,0,1
BRDA:4,0,1,5
BRDA:4,1,0,6
BRDA:4,1,1,5
BRDA:10,2,0,1
BRDA:10,2,1,4
BRDA:19,3,0,1
BRDA:19,3,1,1
BRDA:28,4,0,1
BRDA:28,4,1,0
BRF:10
BRH:9
end_of_record
